2026-05-30 01:07:33,901  INFO  Loading /Users/bidas/Documents/GitHub/abcd_fitbit_2026/dev/data/fitbit-summaries/activity_120m.parquet
2026-05-30 01:07:39,789  INFO    Raw rows: 4,302,294
2026-05-30 01:07:40,217  INFO    After session filter ['ses-02A', 'ses-06A']: 2,714,967 rows, 8,706 participants
2026-05-30 01:08:27,962  INFO    HR removed: 84 (0.0%)
2026-05-30 01:09:36,422  INFO    Steps removed: 0 (0.0%)
2026-05-30 01:09:50,774  INFO    Sleep removed: 0 (0.0%)
2026-05-30 01:10:12,170  INFO  Saved → /Users/bidas/Documents/GitHub/abcd_fitbit_2026/data/processed/clean/clean_data.parquet  (2,714,967 rows)
2026-05-30 01:10:56,478  INFO  Loading /Users/bidas/Documents/GitHub/abcd_fitbit_2026/dev/data/fitbit-summaries/activity_120m.parquet
2026-05-30 01:10:56,817  INFO    Raw rows: 4,302,294
2026-05-30 01:10:57,369  INFO    After session filter ['ses-02A', 'ses-06A']: 2,714,967 rows, 8,706 participants
2026-05-30 01:10:57,482  INFO    HR removed: 84 (0.0%)
2026-05-30 01:11:41,107  INFO    Steps removed: 0 (0.0%)
2026-05-30 01:11:41,121  INFO    Sleep removed: 0 (0.0%)
2026-05-30 01:11:41,657  INFO  Saved → /Users/bidas/Documents/GitHub/abcd_fitbit_2026/data/processed/clean/clean_data.parquet  (2,714,967 rows)
2026-05-30 09:53:31,939  INFO  Loading /Users/bidas/Documents/GitHub/abcd_fitbit_2026/dev/data/fitbit-summaries/activity_120m.parquet
2026-05-30 09:53:32,310  INFO    Raw rows: 4,302,294  (9,434 participants)
2026-05-30 09:53:32,955  INFO    After session filter ['ses-02A', 'ses-06A']: 2,714,967 rows, 8,706 participants
2026-05-30 09:53:33,344  INFO    After ID filter (ids_fitbit_v02_v06-sleep_steps_data.csv): 1,358,863 rows, 2,919 of 2,919 listed participants
2026-05-30 09:53:54,942  INFO    steps_total: removed 0 (0.0%)  [activity]
2026-05-30 09:53:54,950  INFO    min_slp: removed 0 (0.0%)  [sleep]
2026-05-30 09:54:17,144  INFO    mets: removed 228 (0.0%)  [activity]
2026-05-30 09:54:17,457  INFO  Saved → /Users/bidas/Documents/GitHub/abcd_fitbit_2026/data/processed/clean/clean_data.parquet  (1,358,863 rows, signals=['steps_total', 'min_slp', 'mets'])
2026-05-30 09:58:00,533  INFO  Loading /Users/bidas/Documents/GitHub/abcd_fitbit_2026/dev/data/fitbit-summaries/activity_120m.parquet
2026-05-30 09:58:00,925  INFO    Raw rows: 4,302,294  (9,434 participants)
2026-05-30 09:58:01,379  INFO    After session filter ['ses-02A', 'ses-06A']: 2,714,967 rows, 8,706 participants
2026-05-30 09:58:01,650  INFO    After ID filter (ids_fitbit_v02_v06-sleep_steps_data.csv): 1,358,863 rows, 2,919 of 2,919 listed participants
2026-05-30 09:58:22,646  INFO    steps_total: removed 0 (0.0%)  [activity]
2026-05-30 09:58:22,653  INFO    min_slp: removed 0 (0.0%)  [sleep]
2026-05-30 09:58:44,251  INFO    mets: removed 228 (0.0%)  [activity]
2026-05-30 09:58:44,559  INFO  Saved → /Users/bidas/Documents/GitHub/abcd_fitbit_2026/data/processed/clean/clean_data.parquet  (1,358,863 rows, signals=['steps_total', 'min_slp', 'mets'])
2026-05-30 10:37:59,331  INFO  Loading /Users/bidas/Documents/GitHub/abcd_fitbit_2026/dev/data/fitbit-summaries/activity_120m.parquet
2026-05-30 10:37:59,743  INFO    Raw rows: 4,302,294  (9,434 participants)
2026-05-30 10:38:00,196  INFO    After session filter ['ses-02A', 'ses-06A']: 2,714,967 rows, 8,706 participants
2026-05-30 10:38:00,515  INFO    After ID filter (ids_fitbit_v02_v06-sleep_steps_data.csv): 1,358,863 rows, 2,919 of 2,919 listed participants
2026-05-30 10:38:21,730  INFO    steps_total: removed 0 (0.0%)  [activity]
2026-05-30 10:38:21,738  INFO    min_slp: removed 0 (0.0%)  [sleep]
2026-05-30 10:38:43,627  INFO    mets: removed 228 (0.0%)  [activity]
2026-05-30 10:38:43,936  INFO  Saved → /Users/bidas/Documents/GitHub/abcd_fitbit_2026/data/processed/clean/clean_data.parquet  (1,358,863 rows, signals=['steps_total', 'min_slp', 'mets'])
2026-05-31 10:41:39,815  INFO  Loading /Users/bidas/Documents/GitHub/abcd_fitbit_2026/dev/data/fitbit-summaries/activity_120m.parquet
2026-05-31 10:41:40,442  INFO    Raw rows: 4,302,294  (9,434 participants)
2026-05-31 10:41:41,081  INFO    After session filter ['ses-02A', 'ses-06A']: 2,714,967 rows, 8,706 participants
2026-05-31 10:41:41,414  INFO    After ID filter (ids_fitbit_v02_v06-sleep_steps_data.csv): 1,358,863 rows, 2,919 of 2,919 listed participants
2026-05-31 10:42:02,837  INFO    steps_total: removed 0 (0.0%)  [activity]
2026-05-31 10:42:02,845  INFO    min_slp: removed 0 (0.0%)  [sleep]
2026-05-31 10:42:24,772  INFO    mets: removed 228 (0.0%)  [activity]
2026-05-31 10:42:25,080  INFO  Saved → /Users/bidas/Documents/GitHub/abcd_fitbit_2026/data/processed/clean/clean_data.parquet  (1,358,863 rows, signals=['steps_total', 'min_slp', 'mets'])
2026-05-31 10:52:20,307  INFO  Loading /Users/bidas/Documents/GitHub/abcd_fitbit_2026/dev/data/fitbit-summaries/activity_120m.parquet
2026-05-31 10:52:20,686  INFO    Raw rows: 4,302,294  (9,434 participants)
2026-05-31 10:52:21,136  INFO    After session filter ['ses-02A', 'ses-06A']: 2,714,967 rows, 8,706 participants
2026-05-31 10:52:21,402  INFO    After ID filter (ids_fitbit_v02_v06-sleep_steps_data.csv): 1,358,863 rows, 2,919 of 2,919 listed participants
2026-05-31 10:52:42,395  INFO    steps_total: removed 0 (0.0%)  [activity]
2026-05-31 10:52:42,401  INFO    min_slp: removed 0 (0.0%)  [sleep]
2026-05-31 10:53:04,137  INFO    mets: removed 228 (0.0%)  [activity]
2026-05-31 10:53:04,450  INFO  Saved → /Users/bidas/Documents/GitHub/abcd_fitbit_2026/data/processed/clean/clean_data.parquet  (1,358,863 rows, signals=['steps_total', 'min_slp', 'mets'])
