2026-05-30 01:11:42,723  INFO  Loading /Users/bidas/Documents/GitHub/abcd_fitbit_2026/data/processed/clean/clean_data.parquet
2026-05-30 01:11:42,883  INFO    Input rows: 2,714,967
2026-05-30 01:12:03,401  INFO    Complete grid: 2,724,156 rows (9,189 slots added as NaN)
2026-05-30 01:12:03,401  INFO  Running imputation...
2026-05-30 01:12:04,090  INFO    1/12167
2026-05-30 01:13:14,288  INFO    501/12167
2026-05-30 01:14:25,987  INFO    1001/12167
2026-05-30 01:15:36,913  INFO    1501/12167
2026-05-30 01:16:45,930  INFO    2001/12167
2026-05-30 01:17:55,588  INFO    2501/12167
2026-05-30 01:19:05,921  INFO    3001/12167
2026-05-30 01:20:17,153  INFO    3501/12167
2026-05-30 01:21:28,276  INFO    4001/12167
2026-05-30 01:22:39,073  INFO    4501/12167
2026-05-30 01:23:50,890  INFO    5001/12167
2026-05-30 01:25:00,355  INFO    5501/12167
2026-05-30 01:26:10,557  INFO    6001/12167
2026-05-30 01:59:03,581  INFO    6501/12167
2026-05-30 03:09:55,743  INFO    7001/12167
2026-05-30 04:23:34,876  INFO    7501/12167
2026-05-30 06:27:33,361  INFO    8001/12167
2026-05-30 07:47:35,622  INFO    8501/12167
2026-05-30 08:05:33,087  INFO    9001/12167
2026-05-30 08:51:19,318  INFO    9501/12167
2026-05-30 09:05:38,970  INFO    10001/12167
2026-05-30 09:07:49,248  INFO    10501/12167
2026-05-30 09:08:59,237  INFO    11001/12167
2026-05-30 09:10:09,638  INFO    11501/12167
2026-05-30 09:11:19,941  INFO    12001/12167
2026-05-30 09:11:43,559  INFO    hrate_rest_fitb: 888 slots imputed
2026-05-30 09:11:43,565  INFO    min_slp: 1,488 slots imputed
2026-05-30 09:11:43,571  INFO    steps_total: 1,488 slots imputed
2026-05-30 09:11:44,028  INFO  Saved → /Users/bidas/Documents/GitHub/abcd_fitbit_2026/data/processed/imputed/imputed_data.parquet  (2,724,156 rows)
2026-05-30 09:58:45,500  INFO  Loading /Users/bidas/Documents/GitHub/abcd_fitbit_2026/data/processed/clean/clean_data.parquet
2026-05-30 09:58:45,646  INFO    Input rows: 1,358,863  signals=['steps_total', 'min_slp', 'mets']
2026-05-30 09:58:55,934  INFO    Complete grid: 1,361,532 rows (2,669 slots added as NaN)
2026-05-30 09:58:55,934  INFO  Running imputation...
2026-05-30 09:58:56,242  INFO    1/5838
2026-05-30 10:00:09,370  INFO    501/5838
2026-05-30 10:01:22,102  INFO    1001/5838
2026-05-30 10:02:35,755  INFO    1501/5838
2026-05-30 10:03:51,529  INFO    2001/5838
2026-05-30 10:05:05,168  INFO    2501/5838
2026-05-30 10:06:18,384  INFO    3001/5838
2026-05-30 10:07:31,351  INFO    3501/5838
2026-05-30 10:08:43,905  INFO    4001/5838
2026-05-30 10:09:57,050  INFO    4501/5838
2026-05-30 10:11:13,211  INFO    5001/5838
2026-05-30 10:12:28,922  INFO    5501/5838
2026-05-30 10:13:19,995  INFO    steps_total: 484 slots imputed
2026-05-30 10:13:19,997  INFO    min_slp: 484 slots imputed
2026-05-30 10:13:19,999  INFO    mets: 36,231 slots imputed
2026-05-30 10:13:20,268  INFO  Saved → /Users/bidas/Documents/GitHub/abcd_fitbit_2026/data/processed/imputed/imputed_data.parquet  (1,361,532 rows)
2026-05-30 10:38:45,019  INFO  Loading /Users/bidas/Documents/GitHub/abcd_fitbit_2026/data/processed/clean/clean_data.parquet
2026-05-30 10:38:45,164  INFO    Input rows: 1,358,863  signals=['steps_total', 'min_slp', 'mets']
2026-05-30 10:38:55,518  INFO    Complete grid: 1,361,532 rows (2,669 slots added as NaN)
2026-05-30 10:38:55,518  INFO  Running imputation...
2026-05-30 10:38:55,820  INFO    1/5838
2026-05-30 10:40:10,068  INFO    501/5838
2026-05-30 10:41:24,642  INFO    1001/5838
2026-05-30 10:42:39,316  INFO    1501/5838
2026-05-30 10:43:56,479  INFO    2001/5838
2026-05-30 10:45:11,182  INFO    2501/5838
2026-05-30 10:46:25,597  INFO    3001/5838
2026-05-30 10:47:39,489  INFO    3501/5838
2026-05-30 10:48:53,148  INFO    4001/5838
2026-05-30 10:50:07,058  INFO    4501/5838
2026-05-30 10:51:22,238  INFO    5001/5838
2026-05-30 10:52:38,350  INFO    5501/5838
2026-05-30 10:53:28,728  INFO    steps_total: 484 slots imputed
2026-05-30 10:53:28,730  INFO    min_slp: 484 slots imputed
2026-05-30 10:53:28,732  INFO    mets: 36,231 slots imputed
2026-05-30 10:53:28,997  INFO  Saved → /Users/bidas/Documents/GitHub/abcd_fitbit_2026/data/processed/imputed/imputed_data.parquet  (1,361,532 rows)
2026-05-31 10:42:26,183  INFO  Loading /Users/bidas/Documents/GitHub/abcd_fitbit_2026/data/processed/clean/clean_data.parquet
2026-05-31 10:42:26,325  INFO    Input rows: 1,358,863  signals=['steps_total', 'min_slp', 'mets']
2026-05-31 10:42:36,748  INFO    Complete grid: 1,361,532 rows (2,669 slots added as NaN)
2026-05-31 10:42:36,748  INFO  Running imputation...
2026-05-31 10:42:37,061  INFO    1/5838
2026-05-31 10:42:40,342  INFO    501/5838
2026-05-31 10:42:43,569  INFO    1001/5838
2026-05-31 10:42:46,792  INFO    1501/5838
2026-05-31 10:42:50,071  INFO    2001/5838
2026-05-31 10:42:53,341  INFO    2501/5838
2026-05-31 10:42:56,482  INFO    3001/5838
2026-05-31 10:42:59,784  INFO    3501/5838
2026-05-31 10:43:02,900  INFO    4001/5838
2026-05-31 10:43:06,283  INFO    4501/5838
2026-05-31 10:43:09,439  INFO    5001/5838
2026-05-31 10:43:12,854  INFO    5501/5838
2026-05-31 10:43:15,332  INFO    steps_total: 484 slots imputed
2026-05-31 10:43:15,335  INFO    min_slp: 484 slots imputed
2026-05-31 10:43:15,337  INFO    mets: 36,231 slots imputed
2026-05-31 10:43:15,619  INFO  Saved → /Users/bidas/Documents/GitHub/abcd_fitbit_2026/data/processed/imputed/imputed_data.parquet  (1,361,532 rows)
2026-05-31 10:53:05,351  INFO  Loading /Users/bidas/Documents/GitHub/abcd_fitbit_2026/data/processed/clean/clean_data.parquet
2026-05-31 10:53:05,492  INFO    Input rows: 1,358,863  signals=['steps_total', 'min_slp', 'mets']
2026-05-31 10:53:15,977  INFO    Complete grid: 1,361,532 rows (2,669 slots added as NaN)
2026-05-31 10:53:15,977  INFO  Running imputation...
2026-05-31 10:53:16,281  INFO    1/5838
2026-05-31 10:53:19,549  INFO    501/5838
2026-05-31 10:53:22,779  INFO    1001/5838
2026-05-31 10:53:25,943  INFO    1501/5838
2026-05-31 10:53:29,177  INFO    2001/5838
2026-05-31 10:53:32,446  INFO    2501/5838
2026-05-31 10:53:35,588  INFO    3001/5838
2026-05-31 10:53:38,886  INFO    3501/5838
2026-05-31 10:53:42,034  INFO    4001/5838
2026-05-31 10:53:45,427  INFO    4501/5838
2026-05-31 10:53:48,591  INFO    5001/5838
2026-05-31 10:53:52,000  INFO    5501/5838
2026-05-31 10:53:54,482  INFO    steps_total: 484 slots imputed
2026-05-31 10:53:54,485  INFO    min_slp: 484 slots imputed
2026-05-31 10:53:54,487  INFO    mets: 36,231 slots imputed
2026-05-31 10:53:54,771  INFO  Saved → /Users/bidas/Documents/GitHub/abcd_fitbit_2026/data/processed/imputed/imputed_data.parquet  (1,361,532 rows)
